Performing C SOURCE FILE Test CMAKE_HAVE_LIBC_PTHREAD failed with the following output:
Change Dir: /root/Documents/rtsp_culc/build/CMakeFiles/CMakeTmp

Run Build Command(s):/usr/bin/make cmTC_c8554/fast && /usr/bin/make -f CMakeFiles/cmTC_c8554.dir/build.make CMakeFiles/cmTC_c8554.dir/build
make[1]: ディレクトリ '/root/Documents/rtsp_culc/build/CMakeFiles/CMakeTmp' に入ります
/usr/bin/cmake: /usr/local/lib/x86_64-linux-gnu/libffi.so.7: no version information available (required by /lib/x86_64-linux-gnu/libp11-kit.so.0)
/usr/bin/cmake: /usr/local/lib/x86_64-linux-gnu/libffi.so.7: no version information available (required by /lib/x86_64-linux-gnu/libp11-kit.so.0)
Building C object CMakeFiles/cmTC_c8554.dir/src.c.o
/usr/bin/cc   -DCMAKE_HAVE_LIBC_PTHREAD   -std=gnu99 -o CMakeFiles/cmTC_c8554.dir/src.c.o   -c /root/Documents/rtsp_culc/build/CMakeFiles/CMakeTmp/src.c
/usr/bin/cmake: /usr/local/lib/x86_64-linux-gnu/libffi.so.7: no version information available (required by /lib/x86_64-linux-gnu/libp11-kit.so.0)
/usr/bin/cmake: /usr/local/lib/x86_64-linux-gnu/libffi.so.7: no version information available (required by /lib/x86_64-linux-gnu/libp11-kit.so.0)
Linking C executable cmTC_c8554
/usr/bin/cmake -E cmake_link_script CMakeFiles/cmTC_c8554.dir/link.txt --verbose=1
/usr/bin/cmake: /usr/local/lib/x86_64-linux-gnu/libffi.so.7: no version information available (required by /lib/x86_64-linux-gnu/libp11-kit.so.0)
/usr/bin/cmake: /usr/local/lib/x86_64-linux-gnu/libffi.so.7: no version information available (required by /lib/x86_64-linux-gnu/libp11-kit.so.0)
/usr/bin/cc  -DCMAKE_HAVE_LIBC_PTHREAD    CMakeFiles/cmTC_c8554.dir/src.c.o  -o cmTC_c8554 
/usr/bin/ld: CMakeFiles/cmTC_c8554.dir/src.c.o: in function `main':
src.c:(.text+0x46): undefined reference to `pthread_create'
/usr/bin/ld: src.c:(.text+0x52): undefined reference to `pthread_detach'
/usr/bin/ld: src.c:(.text+0x63): undefined reference to `pthread_join'
collect2: error: ld returned 1 exit status
make[1]: *** [CMakeFiles/cmTC_c8554.dir/build.make:87: cmTC_c8554] エラー 1
make[1]: ディレクトリ '/root/Documents/rtsp_culc/build/CMakeFiles/CMakeTmp' から出ます
make: *** [Makefile:121: cmTC_c8554/fast] エラー 2


Source file was:
#include <pthread.h>

void* test_func(void* data)
{
  return data;
}

int main(void)
{
  pthread_t thread;
  pthread_create(&thread, NULL, test_func, NULL);
  pthread_detach(thread);
  pthread_join(thread, NULL);
  pthread_atfork(NULL, NULL, NULL);
  pthread_exit(NULL);

  return 0;
}

Determining if the function pthread_create exists in the pthreads failed with the following output:
Change Dir: /root/Documents/rtsp_culc/build/CMakeFiles/CMakeTmp

Run Build Command(s):/usr/bin/make cmTC_843bf/fast && /usr/bin/make -f CMakeFiles/cmTC_843bf.dir/build.make CMakeFiles/cmTC_843bf.dir/build
make[1]: ディレクトリ '/root/Documents/rtsp_culc/build/CMakeFiles/CMakeTmp' に入ります
/usr/bin/cmake: /usr/local/lib/x86_64-linux-gnu/libffi.so.7: no version information available (required by /lib/x86_64-linux-gnu/libp11-kit.so.0)
/usr/bin/cmake: /usr/local/lib/x86_64-linux-gnu/libffi.so.7: no version information available (required by /lib/x86_64-linux-gnu/libp11-kit.so.0)
Building C object CMakeFiles/cmTC_843bf.dir/CheckFunctionExists.c.o
/usr/bin/cc   -DCHECK_FUNCTION_EXISTS=pthread_create   -std=gnu99 -o CMakeFiles/cmTC_843bf.dir/CheckFunctionExists.c.o   -c /usr/share/cmake-3.16/Modules/CheckFunctionExists.c
/usr/bin/cmake: /usr/local/lib/x86_64-linux-gnu/libffi.so.7: no version information available (required by /lib/x86_64-linux-gnu/libp11-kit.so.0)
/usr/bin/cmake: /usr/local/lib/x86_64-linux-gnu/libffi.so.7: no version information available (required by /lib/x86_64-linux-gnu/libp11-kit.so.0)
Linking C executable cmTC_843bf
/usr/bin/cmake -E cmake_link_script CMakeFiles/cmTC_843bf.dir/link.txt --verbose=1
/usr/bin/cmake: /usr/local/lib/x86_64-linux-gnu/libffi.so.7: no version information available (required by /lib/x86_64-linux-gnu/libp11-kit.so.0)
/usr/bin/cmake: /usr/local/lib/x86_64-linux-gnu/libffi.so.7: no version information available (required by /lib/x86_64-linux-gnu/libp11-kit.so.0)
/usr/bin/cc  -DCHECK_FUNCTION_EXISTS=pthread_create    CMakeFiles/cmTC_843bf.dir/CheckFunctionExists.c.o  -o cmTC_843bf  -lpthreads 
/usr/bin/ld: -lpthreads が見つかりません
collect2: error: ld returned 1 exit status
make[1]: *** [CMakeFiles/cmTC_843bf.dir/build.make:87: cmTC_843bf] エラー 1
make[1]: ディレクトリ '/root/Documents/rtsp_culc/build/CMakeFiles/CMakeTmp' から出ます
make: *** [Makefile:121: cmTC_843bf/fast] エラー 2



